<?xml version="1.0" encoding="UTF-8"?>
<!-- Generated by org.testng.reporters.JUnitReportReporter -->
<testsuite skipped="0" hostname="UDIND-LP044" name="Priority.TestNGPriorityDemo" tests="3" failures="0" timestamp="13 Jun 2022 04:10:42 GMT" time="0.009" errors="0">
  <testcase name="one" time="0.007" classname="Priority.TestNGPriorityDemo"/>
  <testcase name="two" time="0.001" classname="Priority.TestNGPriorityDemo"/>
  <testcase name="three" time="0.001" classname="Priority.TestNGPriorityDemo"/>
</testsuite> <!-- Priority.TestNGPriorityDemo -->
