<?xml version="1.0" encoding="UTF-8"?>
<!-- Generated by org.testng.reporters.JUnitReportReporter -->
<testsuite skipped="0" hostname="UDIND-LP044" name="Demo.TestNGDependencyDemo" tests="3" failures="0" timestamp="14 Jun 2022 10:17:30 GMT" time="0.007" errors="0">
  <testcase name="test3" time="0.000" classname="Demo.TestNGDependencyDemo"/>
  <testcase name="test1" time="0.001" classname="Demo.TestNGDependencyDemo"/>
  <testcase name="test2" time="0.006" classname="Demo.TestNGDependencyDemo"/>
</testsuite> <!-- Demo.TestNGDependencyDemo -->
