<?xml version="1.0" encoding="UTF-8"?>
<!-- Generated by org.testng.reporters.JUnitReportReporter -->
<testsuite skipped="0" hostname="UDIND-LP044" name="util.ExcelDataProvider" tests="2" failures="0" timestamp="13 Jun 2022 06:26:44 GMT" time="0.007" errors="0">
  <testcase name="test1" time="0.006" classname="util.ExcelDataProvider"/>
  <testcase name="test1" time="0.001" classname="util.ExcelDataProvider"/>
</testsuite> <!-- util.ExcelDataProvider -->
