<?xml version="1.0" encoding="UTF-8"?>
<!-- Generated by org.testng.reporters.JUnitReportReporter -->
<testsuite skipped="0" hostname="UDIND-LP044" name="Demo.TestNGParametersDemo" tests="1" failures="0" timestamp="13 Jun 2022 08:58:59 GMT" time="0.012" errors="0">
  <testcase name="test" time="0.012" classname="Demo.TestNGParametersDemo"/>
</testsuite> <!-- Demo.TestNGParametersDemo -->
