<?xml version="1.0" encoding="UTF-8"?>
<!-- Generated by org.testng.reporters.JUnitReportReporter -->
<testsuite skipped="0" hostname="UDIND-LP044" name="Test.ExtentReportsDemoWithTestng" tests="1" failures="0" timestamp="07 Jun 2022 12:16:39 GMT" time="1.522" errors="0">
  <testcase name="test" time="1.522" classname="Test.ExtentReportsDemoWithTestng"/>
</testsuite> <!-- Test.ExtentReportsDemoWithTestng -->
