<?xml version="1.0" encoding="UTF-8"?>
<!-- Generated by org.testng.reporters.JUnitReportReporter -->
<testsuite skipped="0" hostname="UDIND-LP044" name="Demo.TestNGGroupsDemo" tests="4" failures="0" timestamp="14 Jun 2022 10:16:15 GMT" time="0.004" errors="0">
  <testcase name="test3" time="0.001" classname="Demo.TestNGGroupsDemo"/>
  <testcase name="test1" time="0.001" classname="Demo.TestNGGroupsDemo"/>
  <testcase name="test4" time="0.001" classname="Demo.TestNGGroupsDemo"/>
  <testcase name="test2" time="0.001" classname="Demo.TestNGGroupsDemo"/>
</testsuite> <!-- Demo.TestNGGroupsDemo -->
