<?xml version="1.0" encoding="UTF-8"?>
<!-- Generated by org.testng.reporters.JUnitReportReporter -->
<testsuite skipped="1" hostname="UDIND-LP044" name="Listeners.TestNGListenerDemo" tests="3" failures="0" timestamp="13 Jun 2022 07:30:11 GMT" time="16.252" errors="0">
  <testcase name="test2" time="16.239" classname="Listeners.TestNGListenerDemo"/>
  <testcase name="test3" time="0.006" classname="Listeners.TestNGListenerDemo">
    <skipped/>
  </testcase> <!-- test3 -->
  <testcase name="test1" time="0.007" classname="Listeners.TestNGListenerDemo"/>
</testsuite> <!-- Listeners.TestNGListenerDemo -->
