<?xml version="1.0" encoding="UTF-8"?>
<!-- Generated by org.testng.reporters.JUnitReportReporter -->
<testsuite skipped="0" hostname="UDIND-LP044" name="Test.Testng" tests="1" failures="0" timestamp="09 Jun 2022 17:27:55 GMT" time="8.612" errors="0">
  <testcase name="googleSearch1" time="8.612" classname="Test.Testng"/>
</testsuite> <!-- Test.Testng -->
