<?xml version="1.0" encoding="UTF-8"?>
<!-- Generated by org.testng.reporters.JUnitReportReporter -->
<testsuite skipped="0" hostname="UDIND-LP044" name="Demo.TestNGIgnoreDemo" tests="2" failures="0" timestamp="14 Jun 2022 10:24:56 GMT" time="0.009" errors="0">
  <testcase name="test1" time="0.008" classname="Demo.TestNGIgnoreDemo"/>
  <testcase name="test2" time="0.001" classname="Demo.TestNGIgnoreDemo"/>
</testsuite> <!-- Demo.TestNGIgnoreDemo -->
