<?xml version="1.0" encoding="UTF-8"?>
<!-- Generated by org.testng.reporters.JUnitReportReporter -->
<testsuite skipped="0" hostname="UDIND-LP044" name="Demo.TestNGMultiBrowserDemo" tests="2" failures="0" timestamp="13 Jun 2022 08:32:30 GMT" time="4.170" errors="0">
  <testcase name="test1" time="1.954" classname="Demo.TestNGMultiBrowserDemo"/>
  <testcase name="test1" time="2.216" classname="Demo.TestNGMultiBrowserDemo"/>
</testsuite> <!-- Demo.TestNGMultiBrowserDemo -->
