<?xml version="1.0" encoding="UTF-8"?>
<!-- Generated by org.testng.reporters.JUnitReportReporter -->
<testsuite skipped="1" hostname="UDIND-LP044" name="Listeners.TestNGListenerDemo2" tests="3" failures="0" timestamp="13 Jun 2022 07:30:11 GMT" time="0.006" errors="0">
  <testcase name="test6" time="0.002" classname="Listeners.TestNGListenerDemo2">
    <skipped/>
  </testcase> <!-- test6 -->
  <testcase name="test5" time="0.002" classname="Listeners.TestNGListenerDemo2"/>
  <testcase name="test4" time="0.002" classname="Listeners.TestNGListenerDemo2"/>
</testsuite> <!-- Listeners.TestNGListenerDemo2 -->
